GPU threads: 1024
1
0.023424
GPU threads: 1024
5
0.023872
GPU threads: 1024
10
0.023936
GPU threads: 1024
80
0.022624
GPU threads: 1024
120
0.02368
GPU threads: 1024
300
0.023744
GPU threads: 1024
500
0.024128
GPU threads: 1024
1024
0.02336
GPU threads: 1024
1300
0.023872
GPU threads: 512
1
0.023136
GPU threads: 512
5
0.023424
GPU threads: 512
10
0.024576
GPU threads: 512
50
0.02368
GPU threads: 512
80
0.02368
GPU threads: 512
120
0.022528
GPU threads: 512
300
0.023616
GPU threads: 512
500
0.023872
GPU threads: 512
1024
0.022592
GPU threads: 512
1300
0.022464
GPU threads: 256
1
0.023456
GPU threads: 256
5
0.024288
GPU threads: 256
10
0.024608
GPU threads: 256
50
0.023136
GPU threads: 256
80
0.023008
GPU threads: 256
120
0.023328
GPU threads: 256
300
0.022624
GPU threads: 256
500
0.024352
GPU threads: 256
1024
0.022624
GPU threads: 256
1300
0.022528
GPU threads: 32
1
0.023648
GPU threads: 32
5
0.023968
GPU threads: 32
10
0.023808
GPU threads: 32
50
0.024192
GPU threads: 32
80
0.023296
GPU threads: 32
120
0.02352
GPU threads: 32
300
0.024096
GPU threads: 32
500
0.024448
GPU threads: 32
1024
0.023584
GPU threads: 32
1300
0.023872
GPU threads: 1
1
0.022912
GPU threads: 1
5
0.023488
GPU threads: 1
10
0.024064
GPU threads: 1
50
0.024576
GPU threads: 1
80
0.024608
GPU threads: 1
120
0.02608
GPU threads: 1
300
0.03072
GPU threads: 1
500
0.034752
GPU threads: 1
1024
0.046848
GPU threads: 1
1300
0.053056
CPU
1
0
CPU
5
0
CPU
10
0
CPU
50
0.002
CPU
80
0.003
CPU
120
0.004
CPU
300
0.012
CPU
500
0.019
CPU
1024
0.039
CPU
1300
0.049
