GPU threads: 484
800 1200
4.31094
GPU threads: 484
1600 2560
18.2662
GPU threads: 484
1440 2560
16.4524
GPU threads: 1024
800 1200
4.21114
GPU threads: 1024
1440 2560
15.8575
GPU threads: 1024
1600 2560
17.6306
GPU threads: 1
800 1200
127.88
GPU threads: 1
1440 2560
491.846
GPU threads: 1
1600 2560
546.465
GPU threads: 4
800 1200
32.446
GPU threads: 4
1440 2560
124.377
GPU threads: 4
1600 2560
138.192
GPU threads: 16
800 1200
8.3559
GPU threads: 16
1440 2560
31.9436
GPU threads: 16
1600 2560
35.4284
GPU threads: 64
800 1200
3.82643
GPU threads: 64
1600 2560
16.2974
GPU threads: 64
1440 2560
14.6694
GPU threads: 256
1600 2560
16.239
GPU threads: 256
800 1200
3.81283
GPU threads: 256
1440 2560
14.6178
