CPU
800 1200
99.141
CPU
1600 2560
290.946
<<<(4, 4), (4, 4)>>>
800 1200
7.38314
<<<(4, 4), (4, 4)>>>
1600 2560
29.7029
<<<(4, 4), (16, 16)>>>
800 1200
1.37098
<<<(4, 4), (16, 16)>>>
1600 2560
5.76128
<<<(4, 4), (32, 32)>>>
800 1200
1.22864
<<<(4, 4), (32, 32)>>>
1600 2560
5.04371
<<<(16, 16), (4, 4)>>>
800 1200
5.1625
<<<(16, 16), (4, 4)>>>
1600 2560
21.9541
<<<(16, 16), (16, 16)>>>
800 1200
2.1607
<<<(16, 16), (16, 16)>>>
1600 2560
6.9639
<<<(16, 16), (32, 32)>>>
800 1200
1.24474
<<<(16, 16), (32, 32)>>>
1600 2560
4.74365
<<<(32, 32), (4, 4)>>>
800 1200
5.01814
<<<(32, 32), (4, 4)>>>
1600 2560
21.536
<<<(32, 32), (16, 16)>>>
800 1200
1.11478
<<<(32, 32), (16, 16)>>>
1600 2560
4.46362
<<<(32, 32), (32, 32)>>>
800 1200
1.50403
<<<(32, 32), (32, 32)>>>
1600 2560
5.12384